Performing C SOURCE FILE Test CMAKE_HAVE_LIBC_PTHREAD failed with the following output:
Change Dir: /home/dwight/workspaces/cpp/projects/oxentengine/build/CMakeFiles/CMakeTmp

Run Build Command(s):/usr/bin/make cmTC_88c5c/fast && /usr/bin/make -f CMakeFiles/cmTC_88c5c.dir/build.make CMakeFiles/cmTC_88c5c.dir/build
make[1]: Entrando no diretório '/home/dwight/workspaces/cpp/projects/oxentengine/build/CMakeFiles/CMakeTmp'
Building C object CMakeFiles/cmTC_88c5c.dir/src.c.o
/usr/bin/gcc   -DCMAKE_HAVE_LIBC_PTHREAD   -o CMakeFiles/cmTC_88c5c.dir/src.c.o   -c /home/dwight/workspaces/cpp/projects/oxentengine/build/CMakeFiles/CMakeTmp/src.c
Linking C executable cmTC_88c5c
/usr/bin/cmake -E cmake_link_script CMakeFiles/cmTC_88c5c.dir/link.txt --verbose=1
/usr/bin/gcc  -DCMAKE_HAVE_LIBC_PTHREAD    CMakeFiles/cmTC_88c5c.dir/src.c.o  -o cmTC_88c5c 
/usr/bin/ld: CMakeFiles/cmTC_88c5c.dir/src.c.o: na função "main":
src.c:(.text+0x46): referência não definida para "pthread_create"
/usr/bin/ld: src.c:(.text+0x52): referência não definida para "pthread_detach"
/usr/bin/ld: src.c:(.text+0x63): referência não definida para "pthread_join"
collect2: error: ld returned 1 exit status
make[1]: *** [CMakeFiles/cmTC_88c5c.dir/build.make:87: cmTC_88c5c] Erro 1
make[1]: Saindo do diretório '/home/dwight/workspaces/cpp/projects/oxentengine/build/CMakeFiles/CMakeTmp'
make: *** [Makefile:121: cmTC_88c5c/fast] Erro 2


Source file was:
#include <pthread.h>

void* test_func(void* data)
{
  return data;
}

int main(void)
{
  pthread_t thread;
  pthread_create(&thread, NULL, test_func, NULL);
  pthread_detach(thread);
  pthread_join(thread, NULL);
  pthread_atfork(NULL, NULL, NULL);
  pthread_exit(NULL);

  return 0;
}

Determining if the function pthread_create exists in the pthreads failed with the following output:
Change Dir: /home/dwight/workspaces/cpp/projects/oxentengine/build/CMakeFiles/CMakeTmp

Run Build Command(s):/usr/bin/make cmTC_9247e/fast && /usr/bin/make -f CMakeFiles/cmTC_9247e.dir/build.make CMakeFiles/cmTC_9247e.dir/build
make[1]: Entrando no diretório '/home/dwight/workspaces/cpp/projects/oxentengine/build/CMakeFiles/CMakeTmp'
Building C object CMakeFiles/cmTC_9247e.dir/CheckFunctionExists.c.o
/usr/bin/gcc   -DCHECK_FUNCTION_EXISTS=pthread_create   -o CMakeFiles/cmTC_9247e.dir/CheckFunctionExists.c.o   -c /usr/share/cmake-3.16/Modules/CheckFunctionExists.c
Linking C executable cmTC_9247e
/usr/bin/cmake -E cmake_link_script CMakeFiles/cmTC_9247e.dir/link.txt --verbose=1
/usr/bin/gcc  -DCHECK_FUNCTION_EXISTS=pthread_create    CMakeFiles/cmTC_9247e.dir/CheckFunctionExists.c.o  -o cmTC_9247e  -lpthreads 
/usr/bin/ld: não foi possível localizar -lpthreads
collect2: error: ld returned 1 exit status
make[1]: *** [CMakeFiles/cmTC_9247e.dir/build.make:87: cmTC_9247e] Erro 1
make[1]: Saindo do diretório '/home/dwight/workspaces/cpp/projects/oxentengine/build/CMakeFiles/CMakeTmp'
make: *** [Makefile:121: cmTC_9247e/fast] Erro 2



